<?xml version="1.0" encoding="UTF-8"?>
<testng-results skipped="0" failed="0" ignored="0" total="3" passed="3">
  <reporter-output>
  </reporter-output>
  <suite name="Default suite" duration-ms="43886" started-at="2020-05-31T15:25:34Z" finished-at="2020-05-31T15:26:18Z">
    <groups>
    </groups>
    <test name="Default test" duration-ms="43886" started-at="2020-05-31T15:25:34Z" finished-at="2020-05-31T15:26:18Z">
      <class name="DDT_Package.DDTExcel">
        <test-method status="PASS" signature="DemoProject(java.lang.String, java.lang.String)[pri:0, instance:DDT_Package.DDTExcel@6a4f787b]" name="DemoProject" duration-ms="16324" started-at="2020-05-31T15:25:35Z" data-provider="testdata" finished-at="2020-05-31T15:25:51Z">
          <params>
            <param index="0">
              <value>
                <![CDATA[standard_user]]>
              </value>
            </param>
            <param index="1">
              <value>
                <![CDATA[invalidpassword]]>
              </value>
            </param>
          </params>
          <reporter-output>
          </reporter-output>
        </test-method> <!-- DemoProject -->
        <test-method status="PASS" signature="ProgramTermination()[pri:0, instance:DDT_Package.DDTExcel@6a4f787b]" name="ProgramTermination" is-config="true" duration-ms="436" started-at="2020-05-31T15:25:51Z" finished-at="2020-05-31T15:25:52Z">
          <reporter-output>
          </reporter-output>
        </test-method> <!-- ProgramTermination -->
        <test-method status="PASS" signature="DemoProject(java.lang.String, java.lang.String)[pri:0, instance:DDT_Package.DDTExcel@6a4f787b]" name="DemoProject" duration-ms="12497" started-at="2020-05-31T15:25:52Z" data-provider="testdata" finished-at="2020-05-31T15:26:04Z">
          <params>
            <param index="0">
              <value>
                <![CDATA[invalidusername]]>
              </value>
            </param>
            <param index="1">
              <value>
                <![CDATA[secret_sauce]]>
              </value>
            </param>
          </params>
          <reporter-output>
          </reporter-output>
        </test-method> <!-- DemoProject -->
        <test-method status="PASS" signature="ProgramTermination()[pri:0, instance:DDT_Package.DDTExcel@6a4f787b]" name="ProgramTermination" is-config="true" duration-ms="365" started-at="2020-05-31T15:26:04Z" finished-at="2020-05-31T15:26:05Z">
          <reporter-output>
          </reporter-output>
        </test-method> <!-- ProgramTermination -->
        <test-method status="PASS" signature="DemoProject(java.lang.String, java.lang.String)[pri:0, instance:DDT_Package.DDTExcel@6a4f787b]" name="DemoProject" duration-ms="12676" started-at="2020-05-31T15:26:05Z" data-provider="testdata" finished-at="2020-05-31T15:26:17Z">
          <params>
            <param index="0">
              <value>
                <![CDATA[standard_user]]>
              </value>
            </param>
            <param index="1">
              <value>
                <![CDATA[secrect_sauce]]>
              </value>
            </param>
          </params>
          <reporter-output>
          </reporter-output>
        </test-method> <!-- DemoProject -->
        <test-method status="PASS" signature="ProgramTermination()[pri:0, instance:DDT_Package.DDTExcel@6a4f787b]" name="ProgramTermination" is-config="true" duration-ms="541" started-at="2020-05-31T15:26:17Z" finished-at="2020-05-31T15:26:18Z">
          <reporter-output>
          </reporter-output>
        </test-method> <!-- ProgramTermination -->
      </class> <!-- DDT_Package.DDTExcel -->
    </test> <!-- Default test -->
  </suite> <!-- Default suite -->
</testng-results>
