<?xml version="1.0" encoding="UTF-8"?>
<!-- Generated by org.testng.reporters.JUnitXMLReporter -->
<testsuite hostname="mohammedathera" ignored="0" name="Default test" tests="3" failures="0" timestamp="31 May 2020 15:26:18 GMT" time="43.886" errors="0">
  <testcase name="DemoProject" time="16.324" classname="DDT_Package.DDTExcel"/>
  <testcase name="DemoProject" time="12.497" classname="DDT_Package.DDTExcel"/>
  <testcase name="DemoProject" time="12.676" classname="DDT_Package.DDTExcel"/>
</testsuite> <!-- Default test -->
